[1.184s] DEBUG:colcon:Command line arguments: ['/usr/bin/colcon', 'build']
[1.184s] DEBUG:colcon:Parsed command line arguments: Namespace(allow_overriding=[], ament_cmake_args=None, base_paths=['.'], build_base='build', catkin_cmake_args=None, catkin_skip_building_tests=False, cmake_args=None, cmake_clean_cache=False, cmake_clean_first=False, cmake_force_configure=False, cmake_target=None, cmake_target_skip_unavailable=False, continue_on_error=False, event_handlers=None, executor='parallel', ignore_user_meta=False, install_base='install', log_base=None, log_level=None, main=<bound method BuildVerb.main of <colcon_core.verb.build.BuildVerb object at 0x7ff094072670>>, merge_install=False, metas=['./colcon.meta'], packages_above=None, packages_above_and_dependencies=None, packages_above_depth=None, packages_end=None, packages_ignore=None, packages_ignore_regex=None, packages_select=None, packages_select_build_failed=False, packages_select_by_dep=None, packages_select_regex=None, packages_select_test_failures=False, packages_skip=None, packages_skip_build_finished=False, packages_skip_by_dep=None, packages_skip_regex=None, packages_skip_test_passed=False, packages_skip_up_to=None, packages_start=None, packages_up_to=None, packages_up_to_regex=None, parallel_workers=20, paths=None, symlink_install=False, test_result_base=None, verb_extension=<colcon_core.verb.build.BuildVerb object at 0x7ff094072670>, verb_name='build', verb_parser=<colcon_defaults.argument_parser.defaults.DefaultArgumentsDecorator object at 0x7ff0940eafa0>)
[1.271s] Level 1:colcon.colcon_core.package_discovery:discover_packages(colcon_meta) check parameters
[1.271s] Level 1:colcon.colcon_core.package_discovery:discover_packages(recursive) check parameters
[1.271s] Level 1:colcon.colcon_core.package_discovery:discover_packages(ignore) check parameters
[1.271s] Level 1:colcon.colcon_core.package_discovery:discover_packages(path) check parameters
[1.271s] Level 1:colcon.colcon_core.package_discovery:discover_packages(colcon_meta) discover
[1.271s] Level 1:colcon.colcon_core.package_discovery:discover_packages(recursive) discover
[1.271s] INFO:colcon.colcon_core.package_discovery:Crawling recursively for packages in '/home/balt/px4_ws/src/balt_go_pd'
[1.271s] Level 1:colcon.colcon_core.package_identification:_identify(.) by extensions ['ignore', 'ignore_ament_install']
[1.271s] Level 1:colcon.colcon_core.package_identification:_identify(.) by extension 'ignore'
[1.271s] Level 1:colcon.colcon_core.package_identification:_identify(.) by extension 'ignore_ament_install'
[1.271s] Level 1:colcon.colcon_core.package_identification:_identify(.) by extensions ['colcon_pkg']
[1.271s] Level 1:colcon.colcon_core.package_identification:_identify(.) by extension 'colcon_pkg'
[1.271s] Level 1:colcon.colcon_core.package_identification:_identify(.) by extensions ['colcon_meta']
[1.271s] Level 1:colcon.colcon_core.package_identification:_identify(.) by extension 'colcon_meta'
[1.271s] Level 1:colcon.colcon_core.package_identification:_identify(.) by extensions ['ros']
[1.271s] Level 1:colcon.colcon_core.package_identification:_identify(.) by extension 'ros'
[1.304s] DEBUG:colcon.colcon_core.package_identification:Package '.' with type 'ros.ament_python' and name 'balt_go_pd'
[1.304s] Level 1:colcon.colcon_core.package_discovery:discover_packages(recursive) using defaults
[1.304s] Level 1:colcon.colcon_core.package_discovery:discover_packages(ignore) discover
[1.304s] Level 1:colcon.colcon_core.package_discovery:discover_packages(ignore) using defaults
[1.304s] Level 1:colcon.colcon_core.package_discovery:discover_packages(path) discover
[1.304s] Level 1:colcon.colcon_core.package_discovery:discover_packages(path) using defaults
[1.428s] Level 1:colcon.colcon_core.package_discovery:discover_packages(prefix_path) check parameters
[1.429s] Level 1:colcon.colcon_core.package_discovery:discover_packages(prefix_path) discover
[1.447s] WARNING:colcon.colcon_core.prefix_path.colcon:The path '/home/balt/llc/llc_ws/install' in the environment variable COLCON_PREFIX_PATH doesn't exist
[1.447s] WARNING:colcon.colcon_ros.prefix_path.ament:The path '/home/balt/llc/llc_ws/install/px4_offboard_lowlevel' in the environment variable AMENT_PREFIX_PATH doesn't exist
[1.447s] WARNING:colcon.colcon_ros.prefix_path.ament:The path '/home/balt/llc/llc_ws/install/px4_msgs' in the environment variable AMENT_PREFIX_PATH doesn't exist
[1.447s] WARNING:colcon.colcon_ros.prefix_path.catkin:The path '/home/balt/llc/llc_ws/install/px4_offboard_lowlevel' in the environment variable CMAKE_PREFIX_PATH doesn't exist
[1.447s] WARNING:colcon.colcon_ros.prefix_path.catkin:The path '/home/balt/llc/llc_ws/install/px4_msgs' in the environment variable CMAKE_PREFIX_PATH doesn't exist
[1.465s] DEBUG:colcon.colcon_installed_package_information.package_discovery:Found 1 installed packages in /home/balt/px4_ws/src/balt_go_pd/install
[1.482s] DEBUG:colcon.colcon_installed_package_information.package_discovery:Found 1 installed packages in /home/balt/px4-offboard/install
[1.500s] DEBUG:colcon.colcon_installed_package_information.package_discovery:Found 3 installed packages in /home/balt/micro_ros_ws/install
[1.517s] DEBUG:colcon.colcon_installed_package_information.package_discovery:Found 2 installed packages in /home/balt/px4_ros_com_ws/install
[1.539s] DEBUG:colcon.colcon_installed_package_information.package_discovery:Found 1 installed packages in /home/balt/ros2_workspace/install
[1.557s] DEBUG:colcon.colcon_installed_package_information.package_discovery:Found 267 installed packages in /opt/ros/foxy
[1.558s] Level 1:colcon.colcon_core.package_discovery:discover_packages(prefix_path) using defaults
[1.625s] Level 5:colcon.colcon_core.verb:set package 'balt_go_pd' build argument 'cmake_args' from command line to 'None'
[1.625s] Level 5:colcon.colcon_core.verb:set package 'balt_go_pd' build argument 'cmake_target' from command line to 'None'
[1.625s] Level 5:colcon.colcon_core.verb:set package 'balt_go_pd' build argument 'cmake_target_skip_unavailable' from command line to 'False'
[1.625s] Level 5:colcon.colcon_core.verb:set package 'balt_go_pd' build argument 'cmake_clean_cache' from command line to 'False'
[1.625s] Level 5:colcon.colcon_core.verb:set package 'balt_go_pd' build argument 'cmake_clean_first' from command line to 'False'
[1.625s] Level 5:colcon.colcon_core.verb:set package 'balt_go_pd' build argument 'cmake_force_configure' from command line to 'False'
[1.625s] Level 5:colcon.colcon_core.verb:set package 'balt_go_pd' build argument 'ament_cmake_args' from command line to 'None'
[1.625s] Level 5:colcon.colcon_core.verb:set package 'balt_go_pd' build argument 'catkin_cmake_args' from command line to 'None'
[1.625s] Level 5:colcon.colcon_core.verb:set package 'balt_go_pd' build argument 'catkin_skip_building_tests' from command line to 'False'
[1.625s] DEBUG:colcon.colcon_core.verb:Building package 'balt_go_pd' with the following arguments: {'ament_cmake_args': None, 'build_base': '/home/balt/px4_ws/src/balt_go_pd/build/balt_go_pd', 'catkin_cmake_args': None, 'catkin_skip_building_tests': False, 'cmake_args': None, 'cmake_clean_cache': False, 'cmake_clean_first': False, 'cmake_force_configure': False, 'cmake_target': None, 'cmake_target_skip_unavailable': False, 'install_base': '/home/balt/px4_ws/src/balt_go_pd/install/balt_go_pd', 'merge_install': False, 'path': '/home/balt/px4_ws/src/balt_go_pd', 'symlink_install': False, 'test_result_base': None}
[1.642s] INFO:colcon.colcon_core.executor:Executing jobs using 'parallel' executor
[1.659s] DEBUG:colcon.colcon_parallel_executor.executor.parallel:run_until_complete
[1.659s] INFO:colcon.colcon_ros.task.ament_python.build:Building ROS package in '/home/balt/px4_ws/src/balt_go_pd' with build type 'ament_python'
[1.660s] Level 1:colcon.colcon_core.shell:create_environment_hook('balt_go_pd', 'ament_prefix_path')
[1.680s] INFO:colcon.colcon_core.plugin_system:Skipping extension 'colcon_core.shell.bat': Not used on non-Windows systems
[1.680s] INFO:colcon.colcon_core.shell:Creating environment hook '/home/balt/px4_ws/src/balt_go_pd/install/balt_go_pd/share/balt_go_pd/hook/ament_prefix_path.ps1'
[1.680s] INFO:colcon.colcon_core.shell:Creating environment descriptor '/home/balt/px4_ws/src/balt_go_pd/install/balt_go_pd/share/balt_go_pd/hook/ament_prefix_path.dsv'
[1.680s] INFO:colcon.colcon_core.shell:Creating environment hook '/home/balt/px4_ws/src/balt_go_pd/install/balt_go_pd/share/balt_go_pd/hook/ament_prefix_path.sh'
[1.698s] INFO:colcon.colcon_core.shell:Skip shell extension 'powershell' for command environment: Not usable outside of PowerShell
[1.698s] DEBUG:colcon.colcon_core.shell:Skip shell extension 'dsv' for command environment
[2.100s] INFO:colcon.colcon_core.task.python.build:Building Python package in '/home/balt/px4_ws/src/balt_go_pd'
[2.118s] INFO:colcon.colcon_core.shell:Skip shell extension 'powershell' for command environment: Not usable outside of PowerShell
[2.118s] DEBUG:colcon.colcon_core.shell:Skip shell extension 'dsv' for command environment
[2.801s] DEBUG:colcon.colcon_core.event_handler.log_command:Invoking command in '/home/balt/px4_ws/src/balt_go_pd': PYTHONPATH=/home/balt/px4_ws/src/balt_go_pd/build/balt_go_pd/prefix_override:/home/balt/px4_ws/src/balt_go_pd/install/balt_go_pd/lib/python3.8/site-packages:${PYTHONPATH} /usr/bin/python3 setup.py egg_info --egg-base build/balt_go_pd build --build-base /home/balt/px4_ws/src/balt_go_pd/build/balt_go_pd/build install --record /home/balt/px4_ws/src/balt_go_pd/build/balt_go_pd/install.log --install-scripts $base/lib/balt_go_pd --single-version-externally-managed
[3.237s] DEBUG:colcon.colcon_core.event_handler.log_command:Invoked command in '/home/balt/px4_ws/src/balt_go_pd' returned '0': PYTHONPATH=/home/balt/px4_ws/src/balt_go_pd/build/balt_go_pd/prefix_override:/home/balt/px4_ws/src/balt_go_pd/install/balt_go_pd/lib/python3.8/site-packages:${PYTHONPATH} /usr/bin/python3 setup.py egg_info --egg-base build/balt_go_pd build --build-base /home/balt/px4_ws/src/balt_go_pd/build/balt_go_pd/build install --record /home/balt/px4_ws/src/balt_go_pd/build/balt_go_pd/install.log --install-scripts $base/lib/balt_go_pd --single-version-externally-managed
[3.258s] Level 1:colcon.colcon_core.environment:checking '/home/balt/px4_ws/src/balt_go_pd/install/balt_go_pd' for CMake module files
[3.258s] Level 1:colcon.colcon_core.environment:checking '/home/balt/px4_ws/src/balt_go_pd/install/balt_go_pd' for CMake config files
[3.258s] Level 1:colcon.colcon_core.environment:checking '/home/balt/px4_ws/src/balt_go_pd/install/balt_go_pd/lib'
[3.259s] Level 1:colcon.colcon_core.environment:checking '/home/balt/px4_ws/src/balt_go_pd/install/balt_go_pd/bin'
[3.259s] Level 1:colcon.colcon_core.environment:checking '/home/balt/px4_ws/src/balt_go_pd/install/balt_go_pd/lib/pkgconfig/balt_go_pd.pc'
[3.259s] Level 1:colcon.colcon_core.environment:checking '/home/balt/px4_ws/src/balt_go_pd/install/balt_go_pd/lib/python3.8/site-packages'
[3.259s] Level 1:colcon.colcon_core.shell:create_environment_hook('balt_go_pd', 'pythonpath')
[3.278s] INFO:colcon.colcon_core.shell:Creating environment hook '/home/balt/px4_ws/src/balt_go_pd/install/balt_go_pd/share/balt_go_pd/hook/pythonpath.ps1'
[3.278s] INFO:colcon.colcon_core.shell:Creating environment descriptor '/home/balt/px4_ws/src/balt_go_pd/install/balt_go_pd/share/balt_go_pd/hook/pythonpath.dsv'
[3.278s] INFO:colcon.colcon_core.shell:Creating environment hook '/home/balt/px4_ws/src/balt_go_pd/install/balt_go_pd/share/balt_go_pd/hook/pythonpath.sh'
[3.279s] Level 1:colcon.colcon_core.environment:checking '/home/balt/px4_ws/src/balt_go_pd/install/balt_go_pd/bin'
[3.279s] Level 1:colcon.colcon_core.environment:create_environment_scripts_only(balt_go_pd)
[3.296s] INFO:colcon.colcon_core.shell:Creating package script '/home/balt/px4_ws/src/balt_go_pd/install/balt_go_pd/share/balt_go_pd/package.ps1'
[3.297s] INFO:colcon.colcon_core.shell:Creating package descriptor '/home/balt/px4_ws/src/balt_go_pd/install/balt_go_pd/share/balt_go_pd/package.dsv'
[3.297s] INFO:colcon.colcon_core.shell:Creating package script '/home/balt/px4_ws/src/balt_go_pd/install/balt_go_pd/share/balt_go_pd/package.sh'
[3.297s] INFO:colcon.colcon_core.shell:Creating package script '/home/balt/px4_ws/src/balt_go_pd/install/balt_go_pd/share/balt_go_pd/package.bash'
[3.298s] INFO:colcon.colcon_core.shell:Creating package script '/home/balt/px4_ws/src/balt_go_pd/install/balt_go_pd/share/balt_go_pd/package.zsh'
[3.298s] Level 1:colcon.colcon_core.environment:create_file_with_runtime_dependencies(/home/balt/px4_ws/src/balt_go_pd/install/balt_go_pd/share/colcon-core/packages/balt_go_pd)
[3.298s] DEBUG:colcon.colcon_parallel_executor.executor.parallel:closing loop
[3.298s] DEBUG:colcon.colcon_parallel_executor.executor.parallel:loop closed
[3.298s] DEBUG:colcon.colcon_parallel_executor.executor.parallel:run_until_complete finished with '0'
[3.298s] DEBUG:colcon.colcon_core.event_reactor:joining thread
[3.327s] INFO:colcon.colcon_core.plugin_system:Skipping extension 'colcon_notification.desktop_notification.terminal_notifier': Not used on non-Darwin systems
[3.327s] INFO:colcon.colcon_core.plugin_system:Skipping extension 'colcon_notification.desktop_notification.win32': Not used on non-Windows systems
[3.327s] INFO:colcon.colcon_notification.desktop_notification:Sending desktop notification using 'notify2'
[3.335s] DEBUG:colcon.colcon_core.event_reactor:joined thread
[3.353s] INFO:colcon.colcon_core.shell:Creating prefix script '/home/balt/px4_ws/src/balt_go_pd/install/local_setup.ps1'
[3.353s] INFO:colcon.colcon_core.shell:Creating prefix util module '/home/balt/px4_ws/src/balt_go_pd/install/_local_setup_util_ps1.py'
[3.354s] INFO:colcon.colcon_core.shell:Creating prefix chain script '/home/balt/px4_ws/src/balt_go_pd/install/setup.ps1'
[3.372s] INFO:colcon.colcon_core.shell:Creating prefix script '/home/balt/px4_ws/src/balt_go_pd/install/local_setup.sh'
[3.373s] INFO:colcon.colcon_core.shell:Creating prefix util module '/home/balt/px4_ws/src/balt_go_pd/install/_local_setup_util_sh.py'
[3.373s] INFO:colcon.colcon_core.shell:Creating prefix chain script '/home/balt/px4_ws/src/balt_go_pd/install/setup.sh'
[3.391s] INFO:colcon.colcon_core.shell:Creating prefix script '/home/balt/px4_ws/src/balt_go_pd/install/local_setup.bash'
[3.391s] INFO:colcon.colcon_core.shell:Creating prefix chain script '/home/balt/px4_ws/src/balt_go_pd/install/setup.bash'
[3.409s] INFO:colcon.colcon_core.shell:Creating prefix script '/home/balt/px4_ws/src/balt_go_pd/install/local_setup.zsh'
[3.409s] INFO:colcon.colcon_core.shell:Creating prefix chain script '/home/balt/px4_ws/src/balt_go_pd/install/setup.zsh'
