/home/balt/px4_ws/src/balt_go_pd/install/balt_go_pd/lib/python3.8/site-packages/balt_go_pd/trajectory_node.py
/home/balt/px4_ws/src/balt_go_pd/install/balt_go_pd/lib/python3.8/site-packages/balt_go_pd/Controller_lib.py
/home/balt/px4_ws/src/balt_go_pd/install/balt_go_pd/lib/python3.8/site-packages/balt_go_pd/visualizer.py
/home/balt/px4_ws/src/balt_go_pd/install/balt_go_pd/lib/python3.8/site-packages/balt_go_pd/attacker_module.py
/home/balt/px4_ws/src/balt_go_pd/install/balt_go_pd/lib/python3.8/site-packages/balt_go_pd/Controller_module.py
/home/balt/px4_ws/src/balt_go_pd/install/balt_go_pd/lib/python3.8/site-packages/balt_go_pd/__init__.py
/home/balt/px4_ws/src/balt_go_pd/install/balt_go_pd/lib/python3.8/site-packages/balt_go_pd/__pycache__/trajectory_node.cpython-38.pyc
/home/balt/px4_ws/src/balt_go_pd/install/balt_go_pd/lib/python3.8/site-packages/balt_go_pd/__pycache__/Controller_lib.cpython-38.pyc
/home/balt/px4_ws/src/balt_go_pd/install/balt_go_pd/lib/python3.8/site-packages/balt_go_pd/__pycache__/visualizer.cpython-38.pyc
/home/balt/px4_ws/src/balt_go_pd/install/balt_go_pd/lib/python3.8/site-packages/balt_go_pd/__pycache__/attacker_module.cpython-38.pyc
/home/balt/px4_ws/src/balt_go_pd/install/balt_go_pd/lib/python3.8/site-packages/balt_go_pd/__pycache__/Controller_module.cpython-38.pyc
/home/balt/px4_ws/src/balt_go_pd/install/balt_go_pd/lib/python3.8/site-packages/balt_go_pd/__pycache__/__init__.cpython-38.pyc
/home/balt/px4_ws/src/balt_go_pd/install/balt_go_pd/share/ament_index/resource_index/packages/balt_go_pd
/home/balt/px4_ws/src/balt_go_pd/install/balt_go_pd/share/ament_index/resource_index/packages/visualize.rviz
/home/balt/px4_ws/src/balt_go_pd/install/balt_go_pd/share/balt_go_pd/package.xml
/home/balt/px4_ws/src/balt_go_pd/install/balt_go_pd/share/balt_go_pd/offboard_cbf_control.launch.py
/home/balt/px4_ws/src/balt_go_pd/install/balt_go_pd/share/balt_go_pd/visualize.rviz
/home/balt/px4_ws/src/balt_go_pd/install/balt_go_pd/lib/python3.8/site-packages/balt_go_pd-0.0.0-py3.8.egg-info/dependency_links.txt
/home/balt/px4_ws/src/balt_go_pd/install/balt_go_pd/lib/python3.8/site-packages/balt_go_pd-0.0.0-py3.8.egg-info/SOURCES.txt
/home/balt/px4_ws/src/balt_go_pd/install/balt_go_pd/lib/python3.8/site-packages/balt_go_pd-0.0.0-py3.8.egg-info/top_level.txt
/home/balt/px4_ws/src/balt_go_pd/install/balt_go_pd/lib/python3.8/site-packages/balt_go_pd-0.0.0-py3.8.egg-info/requires.txt
/home/balt/px4_ws/src/balt_go_pd/install/balt_go_pd/lib/python3.8/site-packages/balt_go_pd-0.0.0-py3.8.egg-info/entry_points.txt
/home/balt/px4_ws/src/balt_go_pd/install/balt_go_pd/lib/python3.8/site-packages/balt_go_pd-0.0.0-py3.8.egg-info/PKG-INFO
/home/balt/px4_ws/src/balt_go_pd/install/balt_go_pd/lib/python3.8/site-packages/balt_go_pd-0.0.0-py3.8.egg-info/zip-safe
/home/balt/px4_ws/src/balt_go_pd/install/balt_go_pd/lib/balt_go_pd/Controller_lib
/home/balt/px4_ws/src/balt_go_pd/install/balt_go_pd/lib/balt_go_pd/Controller_module
/home/balt/px4_ws/src/balt_go_pd/install/balt_go_pd/lib/balt_go_pd/attacker_module
/home/balt/px4_ws/src/balt_go_pd/install/balt_go_pd/lib/balt_go_pd/trajectory_node
/home/balt/px4_ws/src/balt_go_pd/install/balt_go_pd/lib/balt_go_pd/visualizer
