running egg_info
writing build/balt_go_pd/balt_go_pd.egg-info/PKG-INFO
writing dependency_links to build/balt_go_pd/balt_go_pd.egg-info/dependency_links.txt
writing entry points to build/balt_go_pd/balt_go_pd.egg-info/entry_points.txt
writing requirements to build/balt_go_pd/balt_go_pd.egg-info/requires.txt
writing top-level names to build/balt_go_pd/balt_go_pd.egg-info/top_level.txt
reading manifest file 'build/balt_go_pd/balt_go_pd.egg-info/SOURCES.txt'
writing manifest file 'build/balt_go_pd/balt_go_pd.egg-info/SOURCES.txt'
running build
running build_py
copying balt_go_pd/Controller_module.py -> /home/balt/px4_ws/src/balt_go_pd/build/balt_go_pd/build/lib/balt_go_pd
running install
running install_lib
copying /home/balt/px4_ws/src/balt_go_pd/build/balt_go_pd/build/lib/balt_go_pd/Controller_module.py -> /home/balt/px4_ws/src/balt_go_pd/install/balt_go_pd/lib/python3.8/site-packages/balt_go_pd
writing byte-compilation script '/tmp/tmp38s_marz.py'
/usr/bin/python3 -O /tmp/tmp38s_marz.py
removing /tmp/tmp38s_marz.py
running install_data
running install_egg_info
removing '/home/balt/px4_ws/src/balt_go_pd/install/balt_go_pd/lib/python3.8/site-packages/balt_go_pd-0.0.0-py3.8.egg-info' (and everything under it)
Copying build/balt_go_pd/balt_go_pd.egg-info to /home/balt/px4_ws/src/balt_go_pd/install/balt_go_pd/lib/python3.8/site-packages/balt_go_pd-0.0.0-py3.8.egg-info
running install_scripts
Installing Controller_lib script to /home/balt/px4_ws/src/balt_go_pd/install/balt_go_pd/lib/balt_go_pd
Installing Controller_module script to /home/balt/px4_ws/src/balt_go_pd/install/balt_go_pd/lib/balt_go_pd
Installing attacker_module script to /home/balt/px4_ws/src/balt_go_pd/install/balt_go_pd/lib/balt_go_pd
Installing trajectory_node script to /home/balt/px4_ws/src/balt_go_pd/install/balt_go_pd/lib/balt_go_pd
Installing visualizer script to /home/balt/px4_ws/src/balt_go_pd/install/balt_go_pd/lib/balt_go_pd
writing list of installed files to '/home/balt/px4_ws/src/balt_go_pd/build/balt_go_pd/install.log'
