[1.148s] Invoking command in '/home/balt/px4_ws/src/balt_go_pd': PYTHONPATH=/home/balt/px4_ws/src/balt_go_pd/build/balt_go_pd/prefix_override:/home/balt/px4_ws/src/balt_go_pd/install/balt_go_pd/lib/python3.8/site-packages:${PYTHONPATH} /usr/bin/python3 setup.py egg_info --egg-base build/balt_go_pd build --build-base /home/balt/px4_ws/src/balt_go_pd/build/balt_go_pd/build install --record /home/balt/px4_ws/src/balt_go_pd/build/balt_go_pd/install.log --install-scripts $base/lib/balt_go_pd --single-version-externally-managed
[1.421s] running egg_info
[1.421s] writing build/balt_go_pd/balt_go_pd.egg-info/PKG-INFO
[1.421s] writing dependency_links to build/balt_go_pd/balt_go_pd.egg-info/dependency_links.txt
[1.421s] writing entry points to build/balt_go_pd/balt_go_pd.egg-info/entry_points.txt
[1.421s] writing requirements to build/balt_go_pd/balt_go_pd.egg-info/requires.txt
[1.421s] writing top-level names to build/balt_go_pd/balt_go_pd.egg-info/top_level.txt
[1.458s] reading manifest file 'build/balt_go_pd/balt_go_pd.egg-info/SOURCES.txt'
[1.459s] writing manifest file 'build/balt_go_pd/balt_go_pd.egg-info/SOURCES.txt'
[1.459s] running build
[1.459s] running build_py
[1.459s] copying balt_go_pd/Controller_module.py -> /home/balt/px4_ws/src/balt_go_pd/build/balt_go_pd/build/lib/balt_go_pd
[1.459s] running install
[1.460s] running install_lib
[1.462s] copying /home/balt/px4_ws/src/balt_go_pd/build/balt_go_pd/build/lib/balt_go_pd/Controller_module.py -> /home/balt/px4_ws/src/balt_go_pd/install/balt_go_pd/lib/python3.8/site-packages/balt_go_pd
[1.462s] writing byte-compilation script '/tmp/tmp38s_marz.py'
[1.462s] /usr/bin/python3 -O /tmp/tmp38s_marz.py
[1.524s] removing /tmp/tmp38s_marz.py
[1.524s] running install_data
[1.525s] running install_egg_info
[1.533s] removing '/home/balt/px4_ws/src/balt_go_pd/install/balt_go_pd/lib/python3.8/site-packages/balt_go_pd-0.0.0-py3.8.egg-info' (and everything under it)
[1.533s] Copying build/balt_go_pd/balt_go_pd.egg-info to /home/balt/px4_ws/src/balt_go_pd/install/balt_go_pd/lib/python3.8/site-packages/balt_go_pd-0.0.0-py3.8.egg-info
[1.533s] running install_scripts
[1.571s] Installing Controller_lib script to /home/balt/px4_ws/src/balt_go_pd/install/balt_go_pd/lib/balt_go_pd
[1.571s] Installing Controller_module script to /home/balt/px4_ws/src/balt_go_pd/install/balt_go_pd/lib/balt_go_pd
[1.571s] Installing attacker_module script to /home/balt/px4_ws/src/balt_go_pd/install/balt_go_pd/lib/balt_go_pd
[1.571s] Installing trajectory_node script to /home/balt/px4_ws/src/balt_go_pd/install/balt_go_pd/lib/balt_go_pd
[1.571s] Installing visualizer script to /home/balt/px4_ws/src/balt_go_pd/install/balt_go_pd/lib/balt_go_pd
[1.571s] writing list of installed files to '/home/balt/px4_ws/src/balt_go_pd/build/balt_go_pd/install.log'
[1.582s] Invoked command in '/home/balt/px4_ws/src/balt_go_pd' returned '0': PYTHONPATH=/home/balt/px4_ws/src/balt_go_pd/build/balt_go_pd/prefix_override:/home/balt/px4_ws/src/balt_go_pd/install/balt_go_pd/lib/python3.8/site-packages:${PYTHONPATH} /usr/bin/python3 setup.py egg_info --egg-base build/balt_go_pd build --build-base /home/balt/px4_ws/src/balt_go_pd/build/balt_go_pd/build install --record /home/balt/px4_ws/src/balt_go_pd/build/balt_go_pd/install.log --install-scripts $base/lib/balt_go_pd --single-version-externally-managed
