[1.140s] Invoking command in '/home/balt/px4_ws/src/balt_go_pd': PYTHONPATH=/home/balt/px4_ws/src/balt_go_pd/build/balt_go_pd/prefix_override:/home/balt/px4_ws/src/balt_go_pd/install/balt_go_pd/lib/python3.8/site-packages:${PYTHONPATH} /usr/bin/python3 setup.py egg_info --egg-base build/balt_go_pd build --build-base /home/balt/px4_ws/src/balt_go_pd/build/balt_go_pd/build install --record /home/balt/px4_ws/src/balt_go_pd/build/balt_go_pd/install.log --install-scripts $base/lib/balt_go_pd --single-version-externally-managed
[1.416s] running egg_info
[1.416s] creating build/balt_go_pd/balt_go_pd.egg-info
[1.416s] writing build/balt_go_pd/balt_go_pd.egg-info/PKG-INFO
[1.416s] writing dependency_links to build/balt_go_pd/balt_go_pd.egg-info/dependency_links.txt
[1.416s] writing entry points to build/balt_go_pd/balt_go_pd.egg-info/entry_points.txt
[1.416s] writing requirements to build/balt_go_pd/balt_go_pd.egg-info/requires.txt
[1.416s] writing top-level names to build/balt_go_pd/balt_go_pd.egg-info/top_level.txt
[1.418s] writing manifest file 'build/balt_go_pd/balt_go_pd.egg-info/SOURCES.txt'
[1.453s] reading manifest file 'build/balt_go_pd/balt_go_pd.egg-info/SOURCES.txt'
[1.454s] writing manifest file 'build/balt_go_pd/balt_go_pd.egg-info/SOURCES.txt'
[1.454s] running build
[1.454s] running build_py
[1.454s] creating /home/balt/px4_ws/src/balt_go_pd/build/balt_go_pd/build
[1.454s] creating /home/balt/px4_ws/src/balt_go_pd/build/balt_go_pd/build/lib
[1.454s] creating /home/balt/px4_ws/src/balt_go_pd/build/balt_go_pd/build/lib/balt_go_pd
[1.454s] copying balt_go_pd/trajectory_node.py -> /home/balt/px4_ws/src/balt_go_pd/build/balt_go_pd/build/lib/balt_go_pd
[1.454s] copying balt_go_pd/Controller_lib.py -> /home/balt/px4_ws/src/balt_go_pd/build/balt_go_pd/build/lib/balt_go_pd
[1.454s] copying balt_go_pd/visualizer.py -> /home/balt/px4_ws/src/balt_go_pd/build/balt_go_pd/build/lib/balt_go_pd
[1.454s] copying balt_go_pd/attacker_module.py -> /home/balt/px4_ws/src/balt_go_pd/build/balt_go_pd/build/lib/balt_go_pd
[1.454s] copying balt_go_pd/Controller_module.py -> /home/balt/px4_ws/src/balt_go_pd/build/balt_go_pd/build/lib/balt_go_pd
[1.454s] copying balt_go_pd/__init__.py -> /home/balt/px4_ws/src/balt_go_pd/build/balt_go_pd/build/lib/balt_go_pd
[1.454s] running install
[1.455s] running install_lib
[1.457s] creating /home/balt/px4_ws/src/balt_go_pd/install/balt_go_pd/lib/python3.8/site-packages/balt_go_pd
[1.457s] copying /home/balt/px4_ws/src/balt_go_pd/build/balt_go_pd/build/lib/balt_go_pd/trajectory_node.py -> /home/balt/px4_ws/src/balt_go_pd/install/balt_go_pd/lib/python3.8/site-packages/balt_go_pd
[1.457s] copying /home/balt/px4_ws/src/balt_go_pd/build/balt_go_pd/build/lib/balt_go_pd/Controller_lib.py -> /home/balt/px4_ws/src/balt_go_pd/install/balt_go_pd/lib/python3.8/site-packages/balt_go_pd
[1.457s] copying /home/balt/px4_ws/src/balt_go_pd/build/balt_go_pd/build/lib/balt_go_pd/visualizer.py -> /home/balt/px4_ws/src/balt_go_pd/install/balt_go_pd/lib/python3.8/site-packages/balt_go_pd
[1.457s] copying /home/balt/px4_ws/src/balt_go_pd/build/balt_go_pd/build/lib/balt_go_pd/attacker_module.py -> /home/balt/px4_ws/src/balt_go_pd/install/balt_go_pd/lib/python3.8/site-packages/balt_go_pd
[1.457s] copying /home/balt/px4_ws/src/balt_go_pd/build/balt_go_pd/build/lib/balt_go_pd/Controller_module.py -> /home/balt/px4_ws/src/balt_go_pd/install/balt_go_pd/lib/python3.8/site-packages/balt_go_pd
[1.457s] copying /home/balt/px4_ws/src/balt_go_pd/build/balt_go_pd/build/lib/balt_go_pd/__init__.py -> /home/balt/px4_ws/src/balt_go_pd/install/balt_go_pd/lib/python3.8/site-packages/balt_go_pd
[1.457s] writing byte-compilation script '/tmp/tmp01_eisl3.py'
[1.457s] /usr/bin/python3 -O /tmp/tmp01_eisl3.py
[1.522s] removing /tmp/tmp01_eisl3.py
[1.522s] running install_data
[1.523s] creating /home/balt/px4_ws/src/balt_go_pd/install/balt_go_pd/share/ament_index
[1.523s] creating /home/balt/px4_ws/src/balt_go_pd/install/balt_go_pd/share/ament_index/resource_index
[1.523s] creating /home/balt/px4_ws/src/balt_go_pd/install/balt_go_pd/share/ament_index/resource_index/packages
[1.523s] copying resource/balt_go_pd -> /home/balt/px4_ws/src/balt_go_pd/install/balt_go_pd/share/ament_index/resource_index/packages
[1.523s] copying resource/visualize.rviz -> /home/balt/px4_ws/src/balt_go_pd/install/balt_go_pd/share/ament_index/resource_index/packages
[1.523s] copying package.xml -> /home/balt/px4_ws/src/balt_go_pd/install/balt_go_pd/share/balt_go_pd
[1.523s] copying launch/offboard_cbf_control.launch.py -> /home/balt/px4_ws/src/balt_go_pd/install/balt_go_pd/share/balt_go_pd
[1.523s] copying resource/visualize.rviz -> /home/balt/px4_ws/src/balt_go_pd/install/balt_go_pd/share/balt_go_pd
[1.523s] running install_egg_info
[1.531s] Copying build/balt_go_pd/balt_go_pd.egg-info to /home/balt/px4_ws/src/balt_go_pd/install/balt_go_pd/lib/python3.8/site-packages/balt_go_pd-0.0.0-py3.8.egg-info
[1.531s] running install_scripts
[1.569s] Installing Controller_lib script to /home/balt/px4_ws/src/balt_go_pd/install/balt_go_pd/lib/balt_go_pd
[1.569s] Installing Controller_module script to /home/balt/px4_ws/src/balt_go_pd/install/balt_go_pd/lib/balt_go_pd
[1.569s] Installing attacker_module script to /home/balt/px4_ws/src/balt_go_pd/install/balt_go_pd/lib/balt_go_pd
[1.569s] Installing trajectory_node script to /home/balt/px4_ws/src/balt_go_pd/install/balt_go_pd/lib/balt_go_pd
[1.569s] Installing visualizer script to /home/balt/px4_ws/src/balt_go_pd/install/balt_go_pd/lib/balt_go_pd
[1.569s] writing list of installed files to '/home/balt/px4_ws/src/balt_go_pd/build/balt_go_pd/install.log'
[1.580s] Invoked command in '/home/balt/px4_ws/src/balt_go_pd' returned '0': PYTHONPATH=/home/balt/px4_ws/src/balt_go_pd/build/balt_go_pd/prefix_override:/home/balt/px4_ws/src/balt_go_pd/install/balt_go_pd/lib/python3.8/site-packages:${PYTHONPATH} /usr/bin/python3 setup.py egg_info --egg-base build/balt_go_pd build --build-base /home/balt/px4_ws/src/balt_go_pd/build/balt_go_pd/build install --record /home/balt/px4_ws/src/balt_go_pd/build/balt_go_pd/install.log --install-scripts $base/lib/balt_go_pd --single-version-externally-managed
